{
  "RSpec": {
    "coverage": {
      "/Users/mainframe/turing/1module/projects/enigma/lib/key.rb": {
        "lines": [
          1,
          null,
          1,
          3,
          null,
          null,
          1,
          1,
          null,
          null,
          1,
          1,
          1,
          4,
          null,
          1,
          null,
          null
        ]
      },
      "/Users/mainframe/turing/1module/projects/enigma/spec/offset_spec.rb": {
        "lines": [
          1
        ]
      }
    },
    "timestamp": 1623425589
  }
}
